<?xml version="1.0" encoding="UTF-8"?>
<testng-results ignored="0" total="1" passed="1" failed="0" skipped="0">
  <reporter-output>
  </reporter-output>
  <suite started-at="2024-03-06T13:51:13 IST" name="Default suite" finished-at="2024-03-06T13:51:30 IST" duration-ms="17161">
    <groups>
    </groups>
    <test started-at="2024-03-06T13:51:13 IST" name="Default test" finished-at="2024-03-06T13:51:30 IST" duration-ms="17161">
      <class name="excelSheet.Mainapp_Script_For_Utility">
        <test-method signature="Login()[pri:0, instance:excelSheet.Mainapp_Script_For_Utility@35cabb2a]" started-at="2024-03-06T13:51:13 IST" name="Login" finished-at="2024-03-06T13:51:30 IST" duration-ms="17068" status="PASS">
          <reporter-output>
          </reporter-output>
        </test-method> <!-- Login -->
      </class> <!-- excelSheet.Mainapp_Script_For_Utility -->
    </test> <!-- Default test -->
  </suite> <!-- Default suite -->
</testng-results>
